2017-09-12 22:37:11 INFO 登陆邮箱成功！
2017-09-12 22:37:11 INFO 抓取邮件成功！
2017-09-12 22:37:11 INFO 邮件解析完成。
2017-09-12 22:37:11 INFO 准备发送邮件到:Slave
2017-09-12 22:37:11 INFO 发送成功！
2017-09-12 22:37:45 INFO 登陆邮箱成功！
2017-09-12 22:37:45 INFO 抓取邮件成功！
2017-09-12 22:37:45 INFO 邮件解析完成。
2017-09-12 22:38:18 INFO 登陆邮箱成功！
2017-09-12 22:38:18 INFO 抓取邮件成功！
2017-09-12 22:38:18 INFO 邮件解析完成。
2017-09-12 22:39:07 INFO 登陆邮箱成功！
2017-09-12 22:39:07 INFO 抓取邮件成功！
2017-09-12 22:39:07 INFO 邮件解析完成。
2017-09-12 22:39:40 INFO 登陆邮箱成功！
2017-09-12 22:39:40 INFO 抓取邮件成功！
2017-09-12 22:39:40 INFO 邮件解析完成。
2017-09-12 22:40:12 INFO 登陆邮箱成功！
2017-09-12 22:40:13 INFO 抓取邮件成功！
2017-09-12 22:40:13 INFO 邮件解析完成。
2017-09-12 22:40:45 INFO 登陆邮箱成功！
2017-09-12 22:40:45 INFO 抓取邮件成功！
2017-09-12 22:40:45 INFO 邮件解析完成。
2017-09-12 22:40:45 INFO 准备发送邮件到:Slave
2017-09-12 22:40:46 INFO 发送成功！
2017-09-12 22:41:18 INFO 登陆邮箱成功！
2017-09-12 22:41:18 INFO 抓取邮件成功！
2017-09-12 22:41:18 INFO 邮件解析完成。
2017-09-12 22:41:51 INFO 登陆邮箱成功！
2017-09-12 22:41:51 INFO 抓取邮件成功！
2017-09-12 22:41:51 INFO 邮件解析完成。
2017-09-12 22:42:24 INFO 登陆邮箱成功！
2017-09-12 22:42:24 INFO 抓取邮件成功！
2017-09-12 22:42:24 INFO 邮件解析完成。
2017-09-12 22:42:56 INFO 登陆邮箱成功！
2017-09-12 22:42:57 INFO 抓取邮件成功！
2017-09-12 22:42:57 INFO 邮件解析完成。
2017-09-12 22:43:29 INFO 登陆邮箱成功！
2017-09-12 22:43:29 INFO 抓取邮件成功！
2017-09-12 22:43:29 INFO 邮件解析完成。
2017-09-12 22:44:02 INFO 登陆邮箱成功！
2017-09-12 22:44:02 INFO 抓取邮件成功！
2017-09-12 22:44:02 INFO 邮件解析完成。
2017-09-12 22:44:34 INFO 登陆邮箱成功！
2017-09-12 22:44:35 INFO 抓取邮件成功！
2017-09-12 22:44:35 INFO 邮件解析完成。
2017-09-12 22:45:08 INFO 登陆邮箱成功！
2017-09-12 22:45:09 INFO 抓取邮件成功！
2017-09-12 22:45:09 INFO 邮件解析完成。
2017-09-12 22:45:41 INFO 登陆邮箱成功！
2017-09-12 22:45:41 INFO 抓取邮件成功！
2017-09-12 22:45:41 INFO 邮件解析完成。
2017-09-12 22:46:15 INFO 登陆邮箱成功！
2017-09-12 22:46:15 INFO 抓取邮件成功！
2017-09-12 22:46:15 INFO 邮件解析完成。
2017-09-12 22:46:47 INFO 登陆邮箱成功！
2017-09-12 22:46:47 INFO 抓取邮件成功！
2017-09-12 22:46:47 INFO 邮件解析完成。
2017-09-12 22:47:20 INFO 登陆邮箱成功！
2017-09-12 22:47:20 INFO 抓取邮件成功！
2017-09-12 22:47:20 INFO 邮件解析完成。
2017-09-12 22:47:53 INFO 登陆邮箱成功！
2017-09-12 22:47:53 INFO 抓取邮件成功！
2017-09-12 22:47:53 INFO 邮件解析完成。
2017-09-12 22:48:25 INFO 登陆邮箱成功！
2017-09-12 22:48:26 INFO 抓取邮件成功！
2017-09-12 22:48:26 INFO 邮件解析完成。
2017-09-12 22:48:58 INFO 登陆邮箱成功！
2017-09-12 22:48:58 INFO 抓取邮件成功！
2017-09-12 22:48:58 INFO 邮件解析完成。
2017-09-12 22:49:31 INFO 登陆邮箱成功！
2017-09-12 22:49:31 INFO 抓取邮件成功！
2017-09-12 22:49:31 INFO 邮件解析完成。
2017-09-12 22:50:04 INFO 登陆邮箱成功！
2017-09-12 22:50:04 INFO 抓取邮件成功！
2017-09-12 22:50:04 INFO 邮件解析完成。
2017-09-12 22:50:36 INFO 登陆邮箱成功！
2017-09-12 22:50:37 INFO 抓取邮件成功！
2017-09-12 22:50:37 INFO 邮件解析完成。
2017-09-12 22:51:09 INFO 登陆邮箱成功！
2017-09-12 22:51:09 INFO 抓取邮件成功！
2017-09-12 22:51:09 INFO 邮件解析完成。
2017-09-12 22:51:42 INFO 登陆邮箱成功！
2017-09-12 22:51:42 INFO 抓取邮件成功！
2017-09-12 22:51:42 INFO 邮件解析完成。
2017-09-12 22:52:14 INFO 登陆邮箱成功！
2017-09-12 22:52:15 INFO 抓取邮件成功！
2017-09-12 22:52:15 INFO 邮件解析完成。
2017-09-12 22:52:47 INFO 登陆邮箱成功！
2017-09-12 22:52:47 INFO 抓取邮件成功！
2017-09-12 22:52:47 INFO 邮件解析完成。
2017-09-12 22:53:20 INFO 登陆邮箱成功！
2017-09-12 22:53:20 INFO 抓取邮件成功！
2017-09-12 22:53:20 INFO 邮件解析完成。
2017-09-12 22:53:52 INFO 登陆邮箱成功！
2017-09-12 22:53:53 INFO 抓取邮件成功！
2017-09-12 22:53:53 INFO 邮件解析完成。
2017-09-12 22:54:25 INFO 登陆邮箱成功！
2017-09-12 22:54:25 INFO 抓取邮件成功！
2017-09-12 22:54:25 INFO 邮件解析完成。
2017-09-12 22:54:59 INFO 登陆邮箱成功！
2017-09-12 22:54:59 INFO 抓取邮件成功！
2017-09-12 22:54:59 INFO 邮件解析完成。
2017-09-12 22:55:32 INFO 登陆邮箱成功！
2017-09-12 22:55:33 INFO 抓取邮件成功！
2017-09-12 22:55:33 INFO 邮件解析完成。
2017-09-12 22:56:05 INFO 登陆邮箱成功！
2017-09-12 22:56:06 INFO 抓取邮件成功！
2017-09-12 22:56:06 INFO 邮件解析完成。
2017-09-12 22:56:38 INFO 登陆邮箱成功！
2017-09-12 22:56:39 INFO 抓取邮件成功！
2017-09-12 22:56:39 INFO 邮件解析完成。
2017-09-12 22:57:11 INFO 登陆邮箱成功！
2017-09-12 22:57:11 INFO 抓取邮件成功！
2017-09-12 22:57:11 INFO 邮件解析完成。
2017-09-12 22:57:44 INFO 登陆邮箱成功！
2017-09-12 22:57:44 INFO 抓取邮件成功！
2017-09-12 22:57:44 INFO 邮件解析完成。
2017-09-12 22:58:16 INFO 登陆邮箱成功！
2017-09-12 22:58:17 INFO 抓取邮件成功！
2017-09-12 22:58:17 INFO 邮件解析完成。
2017-09-12 22:58:50 INFO 登陆邮箱成功！
2017-09-12 22:58:50 INFO 抓取邮件成功！
2017-09-12 22:58:50 INFO 邮件解析完成。
2017-09-12 22:59:24 INFO 登陆邮箱成功！
2017-09-12 22:59:25 INFO 抓取邮件成功！
2017-09-12 22:59:25 INFO 邮件解析完成。
2017-09-12 22:59:58 INFO 登陆邮箱成功！
2017-09-12 22:59:58 INFO 抓取邮件成功！
2017-09-12 22:59:58 INFO 邮件解析完成。
2017-09-12 23:00:31 INFO 登陆邮箱成功！
2017-09-12 23:00:31 INFO 抓取邮件成功！
2017-09-12 23:00:31 INFO 邮件解析完成。
2017-09-12 23:00:31 INFO 准备发送邮件到:Slave
2017-09-12 23:00:31 INFO 发送成功！
